<?xml version="1.0" encoding="UTF-8"?>
<testng-results ignored="0" total="1" passed="1" failed="0" skipped="0">
  <reporter-output>
  </reporter-output>
  <suite started-at="2023-01-14T15:09:03 IST" name="Default suite" finished-at="2023-01-14T15:10:05 IST" duration-ms="62423">
    <groups>
      <group name="cucumber">
        <method signature="AbstractTestNGCucumberTests.runScenario(io.cucumber.testng.PickleWrapper,io.cucumber.testng.FeatureWrapper)[pri:0, instance:PageObject.Runner@2e8c1c9b]" name="runScenario" class="io.cucumber.testng.AbstractTestNGCucumberTests"/>
      </group> <!-- cucumber -->
    </groups>
    <test started-at="2023-01-14T15:09:03 IST" name="Default test" finished-at="2023-01-14T15:10:05 IST" duration-ms="62423">
      <class name="PageObject.Runner">
        <test-method is-config="true" signature="setUpClass(org.testng.ITestContext)[pri:0, instance:PageObject.Runner@2e8c1c9b]" started-at="2023-01-14T15:09:03 IST" name="setUpClass" finished-at="2023-01-14T15:09:03 IST" duration-ms="425" status="PASS">
          <params>
            <param index="0">
              <value>
                <![CDATA[org.testng.TestRunner@40247d48]]>
              </value>
            </param>
          </params>
          <reporter-output>
          </reporter-output>
        </test-method> <!-- setUpClass -->
        <test-method signature="runScenario(io.cucumber.testng.PickleWrapper,io.cucumber.testng.FeatureWrapper)[pri:0, instance:PageObject.Runner@2e8c1c9b]" started-at="2023-01-14T15:09:03 IST" name="runScenario" description="Runs Cucumber Scenarios" data-provider="scenarios" finished-at="2023-01-14T15:10:05 IST" duration-ms="61913" status="PASS">
          <params>
            <param index="0">
              <value>
                <![CDATA["Find Samsung second highest priced item"]]>
              </value>
            </param>
            <param index="1">
              <value>
                <![CDATA["Codingchallenge"]]>
              </value>
            </param>
          </params>
          <reporter-output>
          </reporter-output>
        </test-method> <!-- runScenario -->
        <test-method is-config="true" signature="tearDownClass()[pri:0, instance:PageObject.Runner@2e8c1c9b]" started-at="2023-01-14T15:10:05 IST" name="tearDownClass" finished-at="2023-01-14T15:10:05 IST" duration-ms="10" status="PASS">
          <reporter-output>
          </reporter-output>
        </test-method> <!-- tearDownClass -->
      </class> <!-- PageObject.Runner -->
    </test> <!-- Default test -->
  </suite> <!-- Default suite -->
</testng-results>
